<?xml version="1.0" encoding="UTF-8"?>
<!-- Generated by org.testng.reporters.JUnitReportReporter -->
<testsuite skipped="0" hostname="Saravana" name="tests.GmailPageTests" tests="2" failures="0" timestamp="2020-07-18T12:03:47 IST" time="20.233" errors="0">
  <testcase name="composeAndSend" time="14.204" classname="tests.GmailPageTests"/>
  <system-out/>
  <testcase name="verifyEmailInSentBox" time="6.029" classname="tests.GmailPageTests"/>
  <system-out/>
</testsuite> <!-- tests.GmailPageTests -->
