<?xml version="1.0" encoding="UTF-8"?>
<!-- Generated by org.testng.reporters.JUnitReportReporter -->
<testsuite skipped="0" hostname="Saravana" name="tests.LoginPageTests" tests="1" failures="0" timestamp="2020-07-18T12:03:47 IST" time="3.867" errors="0">
  <testcase name="loginToGmail" time="3.867" classname="tests.LoginPageTests"/>
  <system-out/>
</testsuite> <!-- tests.LoginPageTests -->
