<?xml version="1.0" encoding="UTF-8"?>
<!-- Generated by org.testng.reporters.JUnitReportReporter -->
<testsuite skipped="0" hostname="Saravana" name="tests.GmailPageTests" tests="2" failures="0" timestamp="2020-07-16T22:27:32 IST" time="26.206" errors="0">
  <testcase name="composeAndSend" time="15.859" classname="tests.GmailPageTests"/>
  <system-out/>
  <testcase name="verifyEmailInSentBox" time="10.347" classname="tests.GmailPageTests"/>
  <system-out/>
</testsuite> <!-- tests.GmailPageTests -->
