<?xml version="1.0" encoding="UTF-8"?>
<!-- Generated by org.testng.reporters.JUnitReportReporter -->
<testsuite skipped="0" hostname="Saravana" name="tests.LoginPageTests" tests="1" failures="0" timestamp="2020-07-16T22:27:32 IST" time="4.161" errors="0">
  <testcase name="loginToGmail" time="4.161" classname="tests.LoginPageTests"/>
  <system-out/>
</testsuite> <!-- tests.LoginPageTests -->
